<?xml version="1.0" encoding="UTF-8"?>
<!-- Generated by org.testng.reporters.JUnitReportReporter -->
<testsuite hostname="Sidikes-MacBook-Pro.local" failures="0" tests="1" name="testcases.LoginTestCases" time="20.870" errors="0" timestamp="2023-03-09T09:42:14 EST" skipped="0">
  <testcase classname="testcases.LoginTestCases" name="loginSuccessfully" time="20.870"/>
  <system-out/>
</testsuite> <!-- testcases.LoginTestCases -->
